[debug] [2022-12-01T00:24:27.259Z] ----------------------------------------------------------------------
[debug] [2022-12-01T00:24:27.261Z] Command:       /home/hassanshirazi/.nvm/versions/node/v16.6.2/bin/node /home/hassanshirazi/.nvm/versions/node/v16.6.2/bin/firebase deploy
[debug] [2022-12-01T00:24:27.261Z] CLI Version:   11.16.1
[debug] [2022-12-01T00:24:27.261Z] Platform:      linux
[debug] [2022-12-01T00:24:27.261Z] Node Version:  v16.6.2
[debug] [2022-12-01T00:24:27.261Z] Time:          Wed Nov 30 2022 19:24:27 GMT-0500 (Eastern Standard Time)
[debug] [2022-12-01T00:24:27.261Z] ----------------------------------------------------------------------
[debug] 
[debug] [2022-12-01T00:24:27.325Z] > command requires scopes: ["email","openid","https://www.googleapis.com/auth/cloudplatformprojects.readonly","https://www.googleapis.com/auth/firebase","https://www.googleapis.com/auth/cloud-platform"]
[debug] [2022-12-01T00:24:27.325Z] > authorizing via signed-in user (shiraziahassan@gmail.com)
[debug] [2022-12-01T00:24:27.325Z] [iam] checking project gavlans-game-backend for permissions ["cloudfunctions.functions.create","cloudfunctions.functions.delete","cloudfunctions.functions.get","cloudfunctions.functions.list","cloudfunctions.functions.update","cloudfunctions.operations.get","firebase.projects.get","firebasehosting.sites.update"]
[debug] [2022-12-01T00:24:27.327Z] >>> [apiv2][query] POST https://cloudresourcemanager.googleapis.com/v1/projects/gavlans-game-backend:testIamPermissions [none]
[debug] [2022-12-01T00:24:27.327Z] >>> [apiv2][(partial)header] POST https://cloudresourcemanager.googleapis.com/v1/projects/gavlans-game-backend:testIamPermissions x-goog-quota-user=projects/gavlans-game-backend
[debug] [2022-12-01T00:24:27.327Z] >>> [apiv2][body] POST https://cloudresourcemanager.googleapis.com/v1/projects/gavlans-game-backend:testIamPermissions {"permissions":["cloudfunctions.functions.create","cloudfunctions.functions.delete","cloudfunctions.functions.get","cloudfunctions.functions.list","cloudfunctions.functions.update","cloudfunctions.operations.get","firebase.projects.get","firebasehosting.sites.update"]}
[debug] [2022-12-01T00:24:27.443Z] <<< [apiv2][status] POST https://cloudresourcemanager.googleapis.com/v1/projects/gavlans-game-backend:testIamPermissions 200
[debug] [2022-12-01T00:24:27.443Z] <<< [apiv2][body] POST https://cloudresourcemanager.googleapis.com/v1/projects/gavlans-game-backend:testIamPermissions {"permissions":["cloudfunctions.functions.create","cloudfunctions.functions.delete","cloudfunctions.functions.get","cloudfunctions.functions.list","cloudfunctions.functions.update","cloudfunctions.operations.get","firebase.projects.get","firebasehosting.sites.update"]}
[debug] [2022-12-01T00:24:27.444Z] >>> [apiv2][query] POST https://iam.googleapis.com/v1/projects/gavlans-game-backend/serviceAccounts/gavlans-game-backend@appspot.gserviceaccount.com:testIamPermissions [none]
[debug] [2022-12-01T00:24:27.444Z] >>> [apiv2][body] POST https://iam.googleapis.com/v1/projects/gavlans-game-backend/serviceAccounts/gavlans-game-backend@appspot.gserviceaccount.com:testIamPermissions {"permissions":["iam.serviceAccounts.actAs"]}
[debug] [2022-12-01T00:24:27.545Z] <<< [apiv2][status] POST https://iam.googleapis.com/v1/projects/gavlans-game-backend/serviceAccounts/gavlans-game-backend@appspot.gserviceaccount.com:testIamPermissions 200
[debug] [2022-12-01T00:24:27.545Z] <<< [apiv2][body] POST https://iam.googleapis.com/v1/projects/gavlans-game-backend/serviceAccounts/gavlans-game-backend@appspot.gserviceaccount.com:testIamPermissions {"permissions":["iam.serviceAccounts.actAs"]}
[debug] [2022-12-01T00:24:27.546Z] >>> [apiv2][query] GET https://firebase.googleapis.com/v1beta1/projects/gavlans-game-backend [none]
[debug] [2022-12-01T00:24:27.750Z] <<< [apiv2][status] GET https://firebase.googleapis.com/v1beta1/projects/gavlans-game-backend 200
[debug] [2022-12-01T00:24:27.750Z] <<< [apiv2][body] GET https://firebase.googleapis.com/v1beta1/projects/gavlans-game-backend {"projectId":"gavlans-game-backend","projectNumber":"523937257580","displayName":"gavlans-game-backend","name":"projects/gavlans-game-backend","resources":{"hostingSite":"gavlans-game-backend"},"state":"ACTIVE","etag":"1_851415b9-27fd-433f-9082-6cacc2a0a21a"}
[info] 
[info] === Deploying to 'gavlans-game-backend'...
[info] 
[info] i  deploying functions, hosting 
[debug] [2022-12-01T00:24:27.752Z] >>> [apiv2][query] GET https://firebase.googleapis.com/v1beta1/projects/gavlans-game-backend [none]
[debug] [2022-12-01T00:24:27.908Z] <<< [apiv2][status] GET https://firebase.googleapis.com/v1beta1/projects/gavlans-game-backend 200
[debug] [2022-12-01T00:24:27.909Z] <<< [apiv2][body] GET https://firebase.googleapis.com/v1beta1/projects/gavlans-game-backend {"projectId":"gavlans-game-backend","projectNumber":"523937257580","displayName":"gavlans-game-backend","name":"projects/gavlans-game-backend","resources":{"hostingSite":"gavlans-game-backend"},"state":"ACTIVE","etag":"1_851415b9-27fd-433f-9082-6cacc2a0a21a"}
[info] i  functions: ensuring required API cloudfunctions.googleapis.com is enabled... 
[info] i  functions: ensuring required API cloudbuild.googleapis.com is enabled... 
[info] i  artifactregistry: ensuring required API artifactregistry.googleapis.com is enabled... 
[debug] [2022-12-01T00:24:27.910Z] >>> [apiv2][query] GET https://serviceusage.googleapis.com/v1/projects/gavlans-game-backend/services/cloudfunctions.googleapis.com [none]
[debug] [2022-12-01T00:24:27.910Z] >>> [apiv2][(partial)header] GET https://serviceusage.googleapis.com/v1/projects/gavlans-game-backend/services/cloudfunctions.googleapis.com x-goog-quota-user=projects/gavlans-game-backend
[debug] [2022-12-01T00:24:27.911Z] >>> [apiv2][query] GET https://serviceusage.googleapis.com/v1/projects/gavlans-game-backend/services/runtimeconfig.googleapis.com [none]
[debug] [2022-12-01T00:24:27.911Z] >>> [apiv2][(partial)header] GET https://serviceusage.googleapis.com/v1/projects/gavlans-game-backend/services/runtimeconfig.googleapis.com x-goog-quota-user=projects/gavlans-game-backend
[debug] [2022-12-01T00:24:27.911Z] >>> [apiv2][query] GET https://serviceusage.googleapis.com/v1/projects/gavlans-game-backend/services/cloudbuild.googleapis.com [none]
[debug] [2022-12-01T00:24:27.911Z] >>> [apiv2][(partial)header] GET https://serviceusage.googleapis.com/v1/projects/gavlans-game-backend/services/cloudbuild.googleapis.com x-goog-quota-user=projects/gavlans-game-backend
[debug] [2022-12-01T00:24:27.912Z] >>> [apiv2][query] GET https://serviceusage.googleapis.com/v1/projects/gavlans-game-backend/services/artifactregistry.googleapis.com [none]
[debug] [2022-12-01T00:24:27.912Z] >>> [apiv2][(partial)header] GET https://serviceusage.googleapis.com/v1/projects/gavlans-game-backend/services/artifactregistry.googleapis.com x-goog-quota-user=projects/gavlans-game-backend
[debug] [2022-12-01T00:24:28.196Z] <<< [apiv2][status] GET https://serviceusage.googleapis.com/v1/projects/gavlans-game-backend/services/runtimeconfig.googleapis.com 200
[debug] [2022-12-01T00:24:28.196Z] <<< [apiv2][body] GET https://serviceusage.googleapis.com/v1/projects/gavlans-game-backend/services/runtimeconfig.googleapis.com [omitted]
[debug] [2022-12-01T00:24:28.270Z] <<< [apiv2][status] GET https://serviceusage.googleapis.com/v1/projects/gavlans-game-backend/services/artifactregistry.googleapis.com 200
[debug] [2022-12-01T00:24:28.270Z] <<< [apiv2][body] GET https://serviceusage.googleapis.com/v1/projects/gavlans-game-backend/services/artifactregistry.googleapis.com [omitted]
[info] ✔  artifactregistry: required API artifactregistry.googleapis.com is enabled 
[debug] [2022-12-01T00:24:28.273Z] <<< [apiv2][status] GET https://serviceusage.googleapis.com/v1/projects/gavlans-game-backend/services/cloudbuild.googleapis.com 200
[debug] [2022-12-01T00:24:28.273Z] <<< [apiv2][body] GET https://serviceusage.googleapis.com/v1/projects/gavlans-game-backend/services/cloudbuild.googleapis.com [omitted]
[info] ✔  functions: required API cloudbuild.googleapis.com is enabled 
[debug] [2022-12-01T00:24:28.295Z] <<< [apiv2][status] GET https://serviceusage.googleapis.com/v1/projects/gavlans-game-backend/services/cloudfunctions.googleapis.com 200
[debug] [2022-12-01T00:24:28.295Z] <<< [apiv2][body] GET https://serviceusage.googleapis.com/v1/projects/gavlans-game-backend/services/cloudfunctions.googleapis.com [omitted]
[info] ✔  functions: required API cloudfunctions.googleapis.com is enabled 
[debug] [2022-12-01T00:24:28.295Z] >>> [apiv2][query] GET https://firebase.googleapis.com/v1beta1/projects/gavlans-game-backend/adminSdkConfig [none]
[debug] [2022-12-01T00:24:28.573Z] <<< [apiv2][status] GET https://firebase.googleapis.com/v1beta1/projects/gavlans-game-backend/adminSdkConfig 200
[debug] [2022-12-01T00:24:28.573Z] <<< [apiv2][body] GET https://firebase.googleapis.com/v1beta1/projects/gavlans-game-backend/adminSdkConfig {"projectId":"gavlans-game-backend","storageBucket":"gavlans-game-backend.appspot.com"}
[debug] [2022-12-01T00:24:28.574Z] >>> [apiv2][query] GET https://runtimeconfig.googleapis.com/v1beta1/projects/gavlans-game-backend/configs [none]
[debug] [2022-12-01T00:24:28.673Z] <<< [apiv2][status] GET https://runtimeconfig.googleapis.com/v1beta1/projects/gavlans-game-backend/configs 200
[debug] [2022-12-01T00:24:28.673Z] <<< [apiv2][body] GET https://runtimeconfig.googleapis.com/v1beta1/projects/gavlans-game-backend/configs {}
[info] i  functions: preparing codebase default for deployment 
[debug] [2022-12-01T00:24:28.674Z] Validating nodejs source
[debug] [2022-12-01T00:24:29.938Z] > [functions] package.json contents: {
  "name": "functions",
  "description": "Cloud Functions for Firebase",
  "scripts": {
    "serve": "firebase emulators:start --only functions",
    "shell": "firebase functions:shell",
    "start": "npm run shell",
    "deploy": "firebase deploy --only functions",
    "logs": "firebase functions:log"
  },
  "engines": {
    "node": "16"
  },
  "main": "index.js",
  "dependencies": {
    "cors": "^2.8.5",
    "dotenv": "^16.0.3",
    "express": "^4.18.2",
    "firebase-admin": "^10.0.2",
    "firebase-functions": "^4.1.0",
    "mongoose": "^6.7.3",
    "update": "^0.7.4"
  },
  "devDependencies": {
    "firebase-functions-test": "^0.2.0"
  },
  "private": true
}
[debug] [2022-12-01T00:24:29.938Z] Building nodejs source
[info] i  functions: Loaded environment variables from .env. 
[debug] [2022-12-01T00:24:29.940Z] Could not find functions.yaml. Must use http discovery
[debug] [2022-12-01T00:24:30.018Z] Serving at port 9005

[debug] [2022-12-01T00:24:30.368Z] server is online

[debug] [2022-12-01T00:24:30.371Z] Got response from /__/functions.yaml {"endpoints":{"app":{"platform":"gcfv1","availableMemoryMb":null,"timeoutSeconds":null,"minInstances":null,"maxInstances":null,"ingressSettings":null,"serviceAccountEmail":null,"vpc":null,"httpsTrigger":{},"entryPoint":"app"}},"specVersion":"v1alpha1","requiredAPIs":[]}
[debug] [2022-12-01T00:24:30.376Z] shutdown requested via /__/quitquitquit

[debug] [2022-12-01T00:24:30.664Z] Database is connected.

[info] i  functions: preparing functions directory for uploading... 
[info] i  functions: packaged /home/hassanshirazi/gavlans-game/server/functions (216.9 KB) for uploading 
[debug] [2022-12-01T00:24:40.447Z] >>> [apiv2][query] GET https://cloudfunctions.googleapis.com/v1/projects/gavlans-game-backend/locations/-/functions [none]
[debug] [2022-12-01T00:24:40.878Z] <<< [apiv2][status] GET https://cloudfunctions.googleapis.com/v1/projects/gavlans-game-backend/locations/-/functions 200
[debug] [2022-12-01T00:24:40.879Z] <<< [apiv2][body] GET https://cloudfunctions.googleapis.com/v1/projects/gavlans-game-backend/locations/-/functions {"functions":[{"name":"projects/gavlans-game-backend/locations/us-central1/functions/app","httpsTrigger":{"url":"https://us-central1-gavlans-game-backend.cloudfunctions.net/app","securityLevel":"SECURE_ALWAYS"},"status":"ACTIVE","entryPoint":"app","timeout":"60s","availableMemoryMb":256,"serviceAccountEmail":"gavlans-game-backend@appspot.gserviceaccount.com","updateTime":"2022-11-25T19:24:29.232Z","versionId":"3","labels":{"deployment-tool":"cli-firebase","firebase-functions-hash":"f7c7ac73d061b041aeb2fe886b0b53d48087529f"},"sourceUploadUrl":"https://storage.googleapis.com/uploads-94671116212.us-central1.cloudfunctions.appspot.com/7bb9d02d-9e33-4b76-a832-d645cf4bda58.zip","environmentVariables":{"MONGO":"mongodb+srv://Nyqvuist:omeed101@cluster0.n72pb.mongodb.net/discord-csgo?retryWrites=true&w=majority","FIREBASE_CONFIG":"{\"projectId\":\"gavlans-game-backend\",\"storageBucket\":\"gavlans-game-backend.appspot.com\"}","GCLOUD_PROJECT":"gavlans-game-backend","EVENTARC_CLOUD_EVENT_SOURCE":"projects/gavlans-game-backend/locations/us-central1/functions/app"},"runtime":"nodejs16","ingressSettings":"ALLOW_ALL","buildId":"2fcacd4d-0413-4c44-909e-242609c8efb2","buildName":"projects/523937257580/locations/us-central1/builds/2fcacd4d-0413-4c44-909e-242609c8efb2","dockerRegistry":"ARTIFACT_REGISTRY"}]}
[debug] [2022-12-01T00:24:40.879Z] >>> [apiv2][query] GET https://cloudfunctions.googleapis.com/v2/projects/gavlans-game-backend/locations/-/functions filter=environment%3D%22GEN_2%22
[debug] [2022-12-01T00:24:41.358Z] <<< [apiv2][status] GET https://cloudfunctions.googleapis.com/v2/projects/gavlans-game-backend/locations/-/functions 200
[debug] [2022-12-01T00:24:41.358Z] <<< [apiv2][body] GET https://cloudfunctions.googleapis.com/v2/projects/gavlans-game-backend/locations/-/functions {}
[debug] [2022-12-01T00:24:41.362Z] >>> [apiv2][query] GET https://firebase.googleapis.com/v1beta1/projects/gavlans-game-backend [none]
[debug] [2022-12-01T00:24:41.521Z] <<< [apiv2][status] GET https://firebase.googleapis.com/v1beta1/projects/gavlans-game-backend 200
[debug] [2022-12-01T00:24:41.522Z] <<< [apiv2][body] GET https://firebase.googleapis.com/v1beta1/projects/gavlans-game-backend {"projectId":"gavlans-game-backend","projectNumber":"523937257580","displayName":"gavlans-game-backend","name":"projects/gavlans-game-backend","resources":{"hostingSite":"gavlans-game-backend"},"state":"ACTIVE","etag":"1_851415b9-27fd-433f-9082-6cacc2a0a21a"}
[debug] [2022-12-01T00:24:41.524Z] >>> [apiv2][query] POST https://firebasehosting.googleapis.com/v1beta1/projects/-/sites/gavlans-game-backend/versions [none]
[debug] [2022-12-01T00:24:41.524Z] >>> [apiv2][body] POST https://firebasehosting.googleapis.com/v1beta1/projects/-/sites/gavlans-game-backend/versions {"status":"CREATED","labels":{"deployment-tool":"cli-firebase"}}
[debug] [2022-12-01T00:24:42.156Z] <<< [apiv2][status] POST https://firebasehosting.googleapis.com/v1beta1/projects/-/sites/gavlans-game-backend/versions 200
[debug] [2022-12-01T00:24:42.156Z] <<< [apiv2][body] POST https://firebasehosting.googleapis.com/v1beta1/projects/-/sites/gavlans-game-backend/versions {"name":"projects/523937257580/sites/gavlans-game-backend/versions/01501b29721d09c5","status":"CREATED","config":{},"labels":{"deployment-tool":"cli-firebase"}}
[debug] [2022-12-01T00:24:42.157Z] >>> [apiv2][query] POST https://cloudfunctions.googleapis.com/v1/projects/gavlans-game-backend/locations/us-central1/functions:generateUploadUrl [none]
[debug] [2022-12-01T00:24:42.157Z] >>> [apiv2][body] POST https://cloudfunctions.googleapis.com/v1/projects/gavlans-game-backend/locations/us-central1/functions:generateUploadUrl {}
[debug] [2022-12-01T00:24:42.687Z] <<< [apiv2][status] POST https://cloudfunctions.googleapis.com/v1/projects/gavlans-game-backend/locations/us-central1/functions:generateUploadUrl 200
[debug] [2022-12-01T00:24:42.687Z] <<< [apiv2][body] POST https://cloudfunctions.googleapis.com/v1/projects/gavlans-game-backend/locations/us-central1/functions:generateUploadUrl {"uploadUrl":"https://storage.googleapis.com/uploads-94671116212.us-central1.cloudfunctions.appspot.com/d19e025f-d913-4a78-8d7b-874b6ea4a61d.zip?GoogleAccessId=service-523937257580@gcf-admin-robot.iam.gserviceaccount.com&Expires=1669856083&Signature=Fij2%2FqQ5YeloTZOgELf9pgo2qtUtpmVF%2BhVbduZZ%2FLl06IAXqP2bq4hHSX%2Bo6zkxYze31akfjFWlBon3CLRqcekcQIKtZZ%2BeyfHbqfweguajp5CqhY1Yof1IQq8aYYDFdHWX6o0OkwYs4aOyhYWDck8vw5Re4IlBLqKluetHrLTl8pIvXRhG2KdupOmioqp9kIxtajrhRyG%2B%2FAMBJ7zIDgb%2Bel0CuAvq6lXpw4nZMiQm6haKX%2B%2FcWHNJusb7JT8Gls8DUi0GhycyjEep%2BNlilGgNS87Wyhe1jmOwDBX%2BXKTgApq0fJ7%2FH6nNmFf1w6SFFGJ9w0fx5nV42MSpf28osg%3D%3D"}
[debug] [2022-12-01T00:24:42.688Z] >>> [apiv2][query] PUT https://storage.googleapis.com/uploads-94671116212.us-central1.cloudfunctions.appspot.com/d19e025f-d913-4a78-8d7b-874b6ea4a61d.zip GoogleAccessId=service-523937257580%40gcf-admin-robot.iam.gserviceaccount.com&Expires=1669856083&Signature=Fij2%2FqQ5YeloTZOgELf9pgo2qtUtpmVF%2BhVbduZZ%2FLl06IAXqP2bq4hHSX%2Bo6zkxYze31akfjFWlBon3CLRqcekcQIKtZZ%2BeyfHbqfweguajp5CqhY1Yof1IQq8aYYDFdHWX6o0OkwYs4aOyhYWDck8vw5Re4IlBLqKluetHrLTl8pIvXRhG2KdupOmioqp9kIxtajrhRyG%2B%2FAMBJ7zIDgb%2Bel0CuAvq6lXpw4nZMiQm6haKX%2B%2FcWHNJusb7JT8Gls8DUi0GhycyjEep%2BNlilGgNS87Wyhe1jmOwDBX%2BXKTgApq0fJ7%2FH6nNmFf1w6SFFGJ9w0fx5nV42MSpf28osg%3D%3D
[debug] [2022-12-01T00:24:42.688Z] >>> [apiv2][body] PUT https://storage.googleapis.com/uploads-94671116212.us-central1.cloudfunctions.appspot.com/d19e025f-d913-4a78-8d7b-874b6ea4a61d.zip [stream]
[debug] [2022-12-01T00:24:42.941Z] <<< [apiv2][status] PUT https://storage.googleapis.com/uploads-94671116212.us-central1.cloudfunctions.appspot.com/d19e025f-d913-4a78-8d7b-874b6ea4a61d.zip 200
[debug] [2022-12-01T00:24:42.941Z] <<< [apiv2][body] PUT https://storage.googleapis.com/uploads-94671116212.us-central1.cloudfunctions.appspot.com/d19e025f-d913-4a78-8d7b-874b6ea4a61d.zip [omitted]
[info] ✔  functions: functions folder uploaded successfully 
[info] i  hosting[gavlans-game-backend]: beginning deploy... 
[info] i  hosting[gavlans-game-backend]: found 2 files in public 
[debug] [2022-12-01T00:24:42.944Z] [hosting] uploading with 200 concurrency
[debug] [2022-12-01T00:24:42.947Z] [hosting] hash cache [cHVibGlj] stored for 2 files
[debug] [2022-12-01T00:24:42.947Z] [hosting][hash queue][FINAL] {"max":0,"min":0,"avg":0,"active":0,"complete":2,"success":2,"errored":0,"retried":0,"total":2,"elapsed":2}
[debug] [2022-12-01T00:24:42.947Z] >>> [apiv2][query] POST https://firebasehosting.googleapis.com/v1beta1/projects/523937257580/sites/gavlans-game-backend/versions/01501b29721d09c5:populateFiles [none]
[debug] [2022-12-01T00:24:42.947Z] >>> [apiv2][body] POST https://firebasehosting.googleapis.com/v1beta1/projects/523937257580/sites/gavlans-game-backend/versions/01501b29721d09c5:populateFiles {"files":{"/404.html":"b7bab6b83fa074653ff28c8d2a64135d3434575f70a12ab3d3ba8080461b9537","/index.html":"6719e299c2e0ca2dd6cf42a0a310603621872a5027c3f07d403ee07c8ab30719"}}
[debug] [2022-12-01T00:24:43.290Z] <<< [apiv2][status] POST https://firebasehosting.googleapis.com/v1beta1/projects/523937257580/sites/gavlans-game-backend/versions/01501b29721d09c5:populateFiles 200
[debug] [2022-12-01T00:24:43.290Z] <<< [apiv2][body] POST https://firebasehosting.googleapis.com/v1beta1/projects/523937257580/sites/gavlans-game-backend/versions/01501b29721d09c5:populateFiles {"uploadUrl":"https://upload-firebasehosting.googleapis.com/upload/sites/gavlans-game-backend/versions/01501b29721d09c5/files"}
[debug] [2022-12-01T00:24:43.290Z] [hosting][populate queue][FINAL] {"max":344,"min":344,"avg":344,"active":0,"complete":1,"success":1,"errored":0,"retried":0,"total":1,"elapsed":344}
[debug] [2022-12-01T00:24:43.290Z] [hosting] uploads queued: 0
[debug] [2022-12-01T00:24:43.290Z] [hosting][upload queue][FINAL] {"max":0,"min":9999999999,"avg":0,"active":0,"complete":0,"success":0,"errored":0,"retried":0,"total":0,"elapsed":1669854283290}
[info] ✔  hosting[gavlans-game-backend]: file upload complete 
[debug] [2022-12-01T00:24:43.291Z] [hosting] deploy completed after 349ms
[info] i  functions: updating Node.js 16 function app(us-central1)... 
[debug] [2022-12-01T00:24:43.294Z] >>> [apiv2][query] PATCH https://cloudfunctions.googleapis.com/v1/projects/gavlans-game-backend/locations/us-central1/functions/app updateMask=name%2CsourceUploadUrl%2CentryPoint%2Cruntime%2CdockerRegistry%2Clabels%2ChttpsTrigger.securityLevel%2CminInstances%2CmaxInstances%2CingressSettings%2CenvironmentVariables%2CserviceAccountEmail%2CavailableMemoryMb%2Ctimeout%2CvpcConnector%2CvpcConnectorEgressSettings%2CsourceToken
[debug] [2022-12-01T00:24:43.295Z] >>> [apiv2][body] PATCH https://cloudfunctions.googleapis.com/v1/projects/gavlans-game-backend/locations/us-central1/functions/app {"name":"projects/gavlans-game-backend/locations/us-central1/functions/app","sourceUploadUrl":"https://storage.googleapis.com/uploads-94671116212.us-central1.cloudfunctions.appspot.com/d19e025f-d913-4a78-8d7b-874b6ea4a61d.zip?GoogleAccessId=service-523937257580@gcf-admin-robot.iam.gserviceaccount.com&Expires=1669856083&Signature=Fij2%2FqQ5YeloTZOgELf9pgo2qtUtpmVF%2BhVbduZZ%2FLl06IAXqP2bq4hHSX%2Bo6zkxYze31akfjFWlBon3CLRqcekcQIKtZZ%2BeyfHbqfweguajp5CqhY1Yof1IQq8aYYDFdHWX6o0OkwYs4aOyhYWDck8vw5Re4IlBLqKluetHrLTl8pIvXRhG2KdupOmioqp9kIxtajrhRyG%2B%2FAMBJ7zIDgb%2Bel0CuAvq6lXpw4nZMiQm6haKX%2B%2FcWHNJusb7JT8Gls8DUi0GhycyjEep%2BNlilGgNS87Wyhe1jmOwDBX%2BXKTgApq0fJ7%2FH6nNmFf1w6SFFGJ9w0fx5nV42MSpf28osg%3D%3D","entryPoint":"app","runtime":"nodejs16","dockerRegistry":"ARTIFACT_REGISTRY","labels":{"deployment-tool":"cli-firebase","firebase-functions-hash":"7c417f9734f51660fcbe3f4acb28152a06bf2645"},"httpsTrigger":{"securityLevel":"SECURE_ALWAYS"},"minInstances":null,"maxInstances":null,"ingressSettings":null,"environmentVariables":{"MONGO":"mongodb+srv://Nyqvuist:omeed101@cluster0.n72pb.mongodb.net/discord-csgo?retryWrites=true&w=majority","FIREBASE_CONFIG":"{\"projectId\":\"gavlans-game-backend\",\"storageBucket\":\"gavlans-game-backend.appspot.com\"}","GCLOUD_PROJECT":"gavlans-game-backend","EVENTARC_CLOUD_EVENT_SOURCE":"projects/gavlans-game-backend/locations/us-central1/functions/app"},"serviceAccountEmail":null,"availableMemoryMb":null,"timeout":null,"vpcConnector":null,"vpcConnectorEgressSettings":null}
[debug] [2022-12-01T00:24:43.773Z] <<< [apiv2][status] PATCH https://cloudfunctions.googleapis.com/v1/projects/gavlans-game-backend/locations/us-central1/functions/app 200
[debug] [2022-12-01T00:24:43.773Z] <<< [apiv2][body] PATCH https://cloudfunctions.googleapis.com/v1/projects/gavlans-game-backend/locations/us-central1/functions/app {"name":"operations/Z2F2bGFucy1nYW1lLWJhY2tlbmQvdXMtY2VudHJhbDEvYXBwL29KYml1NVh1dUxj","metadata":{"@type":"type.googleapis.com/google.cloud.functions.v1.OperationMetadataV1","target":"projects/gavlans-game-backend/locations/us-central1/functions/app","type":"UPDATE_FUNCTION","request":{"@type":"type.googleapis.com/google.cloud.functions.v1.CloudFunction","name":"projects/gavlans-game-backend/locations/us-central1/functions/app","httpsTrigger":{"url":"https://us-central1-gavlans-game-backend.cloudfunctions.net/app","securityLevel":"SECURE_ALWAYS"},"status":"ACTIVE","entryPoint":"app","updateTime":"2022-11-25T19:24:29.232Z","versionId":"3","labels":{"deployment-tool":"cli-firebase","firebase-functions-hash":"7c417f9734f51660fcbe3f4acb28152a06bf2645"},"sourceUploadUrl":"https://storage.googleapis.com/uploads-94671116212.us-central1.cloudfunctions.appspot.com/d19e025f-d913-4a78-8d7b-874b6ea4a61d.zip?GoogleAccessId=service-523937257580@gcf-admin-robot.iam.gserviceaccount.com&Expires=1669856083&Signature=Fij2%2FqQ5YeloTZOgELf9pgo2qtUtpmVF%2BhVbduZZ%2FLl06IAXqP2bq4hHSX%2Bo6zkxYze31akfjFWlBon3CLRqcekcQIKtZZ%2BeyfHbqfweguajp5CqhY1Yof1IQq8aYYDFdHWX6o0OkwYs4aOyhYWDck8vw5Re4IlBLqKluetHrLTl8pIvXRhG2KdupOmioqp9kIxtajrhRyG%2B%2FAMBJ7zIDgb%2Bel0CuAvq6lXpw4nZMiQm6haKX%2B%2FcWHNJusb7JT8Gls8DUi0GhycyjEep%2BNlilGgNS87Wyhe1jmOwDBX%2BXKTgApq0fJ7%2FH6nNmFf1w6SFFGJ9w0fx5nV42MSpf28osg%3D%3D","environmentVariables":{"MONGO":"mongodb+srv://Nyqvuist:omeed101@cluster0.n72pb.mongodb.net/discord-csgo?retryWrites=true&w=majority","FIREBASE_CONFIG":"{\"projectId\":\"gavlans-game-backend\",\"storageBucket\":\"gavlans-game-backend.appspot.com\"}","GCLOUD_PROJECT":"gavlans-game-backend","EVENTARC_CLOUD_EVENT_SOURCE":"projects/gavlans-game-backend/locations/us-central1/functions/app"},"runtime":"nodejs16","buildId":"2fcacd4d-0413-4c44-909e-242609c8efb2","buildName":"projects/523937257580/locations/us-central1/builds/2fcacd4d-0413-4c44-909e-242609c8efb2","dockerRegistry":"ARTIFACT_REGISTRY"},"versionId":"4","updateTime":"2022-12-01T00:24:44Z"}}
[debug] [2022-12-01T00:24:43.774Z] >>> [apiv2][query] GET https://cloudfunctions.googleapis.com/v1/operations/Z2F2bGFucy1nYW1lLWJhY2tlbmQvdXMtY2VudHJhbDEvYXBwL29KYml1NVh1dUxj [none]
[debug] [2022-12-01T00:24:43.946Z] <<< [apiv2][status] GET https://cloudfunctions.googleapis.com/v1/operations/Z2F2bGFucy1nYW1lLWJhY2tlbmQvdXMtY2VudHJhbDEvYXBwL29KYml1NVh1dUxj 200
[debug] [2022-12-01T00:24:43.947Z] <<< [apiv2][body] GET https://cloudfunctions.googleapis.com/v1/operations/Z2F2bGFucy1nYW1lLWJhY2tlbmQvdXMtY2VudHJhbDEvYXBwL29KYml1NVh1dUxj {"name":"operations/Z2F2bGFucy1nYW1lLWJhY2tlbmQvdXMtY2VudHJhbDEvYXBwL29KYml1NVh1dUxj","metadata":{"@type":"type.googleapis.com/google.cloud.functions.v1.OperationMetadataV1","target":"projects/gavlans-game-backend/locations/us-central1/functions/app","type":"UPDATE_FUNCTION","request":{"@type":"type.googleapis.com/google.cloud.functions.v1.CloudFunction","name":"projects/gavlans-game-backend/locations/us-central1/functions/app","httpsTrigger":{"url":"https://us-central1-gavlans-game-backend.cloudfunctions.net/app","securityLevel":"SECURE_ALWAYS"},"status":"ACTIVE","entryPoint":"app","updateTime":"2022-11-25T19:24:29.232Z","versionId":"3","labels":{"deployment-tool":"cli-firebase","firebase-functions-hash":"7c417f9734f51660fcbe3f4acb28152a06bf2645"},"sourceUploadUrl":"https://storage.googleapis.com/uploads-94671116212.us-central1.cloudfunctions.appspot.com/d19e025f-d913-4a78-8d7b-874b6ea4a61d.zip?GoogleAccessId=service-523937257580@gcf-admin-robot.iam.gserviceaccount.com&Expires=1669856083&Signature=Fij2%2FqQ5YeloTZOgELf9pgo2qtUtpmVF%2BhVbduZZ%2FLl06IAXqP2bq4hHSX%2Bo6zkxYze31akfjFWlBon3CLRqcekcQIKtZZ%2BeyfHbqfweguajp5CqhY1Yof1IQq8aYYDFdHWX6o0OkwYs4aOyhYWDck8vw5Re4IlBLqKluetHrLTl8pIvXRhG2KdupOmioqp9kIxtajrhRyG%2B%2FAMBJ7zIDgb%2Bel0CuAvq6lXpw4nZMiQm6haKX%2B%2FcWHNJusb7JT8Gls8DUi0GhycyjEep%2BNlilGgNS87Wyhe1jmOwDBX%2BXKTgApq0fJ7%2FH6nNmFf1w6SFFGJ9w0fx5nV42MSpf28osg%3D%3D","environmentVariables":{"MONGO":"mongodb+srv://Nyqvuist:omeed101@cluster0.n72pb.mongodb.net/discord-csgo?retryWrites=true&w=majority","FIREBASE_CONFIG":"{\"projectId\":\"gavlans-game-backend\",\"storageBucket\":\"gavlans-game-backend.appspot.com\"}","GCLOUD_PROJECT":"gavlans-game-backend","EVENTARC_CLOUD_EVENT_SOURCE":"projects/gavlans-game-backend/locations/us-central1/functions/app"},"runtime":"nodejs16","buildId":"2fcacd4d-0413-4c44-909e-242609c8efb2","buildName":"projects/523937257580/locations/us-central1/builds/2fcacd4d-0413-4c44-909e-242609c8efb2","dockerRegistry":"ARTIFACT_REGISTRY"},"versionId":"4","updateTime":"2022-12-01T00:24:44Z"}}
[debug] [2022-12-01T00:24:44.447Z] [update-default-us-central1-app] Retrying task index 0
[debug] [2022-12-01T00:24:44.448Z] >>> [apiv2][query] GET https://cloudfunctions.googleapis.com/v1/operations/Z2F2bGFucy1nYW1lLWJhY2tlbmQvdXMtY2VudHJhbDEvYXBwL29KYml1NVh1dUxj [none]
[debug] [2022-12-01T00:24:44.602Z] <<< [apiv2][status] GET https://cloudfunctions.googleapis.com/v1/operations/Z2F2bGFucy1nYW1lLWJhY2tlbmQvdXMtY2VudHJhbDEvYXBwL29KYml1NVh1dUxj 200
[debug] [2022-12-01T00:24:44.602Z] <<< [apiv2][body] GET https://cloudfunctions.googleapis.com/v1/operations/Z2F2bGFucy1nYW1lLWJhY2tlbmQvdXMtY2VudHJhbDEvYXBwL29KYml1NVh1dUxj {"name":"operations/Z2F2bGFucy1nYW1lLWJhY2tlbmQvdXMtY2VudHJhbDEvYXBwL29KYml1NVh1dUxj","metadata":{"@type":"type.googleapis.com/google.cloud.functions.v1.OperationMetadataV1","target":"projects/gavlans-game-backend/locations/us-central1/functions/app","type":"UPDATE_FUNCTION","request":{"@type":"type.googleapis.com/google.cloud.functions.v1.CloudFunction","name":"projects/gavlans-game-backend/locations/us-central1/functions/app","httpsTrigger":{"url":"https://us-central1-gavlans-game-backend.cloudfunctions.net/app","securityLevel":"SECURE_ALWAYS"},"status":"ACTIVE","entryPoint":"app","updateTime":"2022-11-25T19:24:29.232Z","versionId":"3","labels":{"deployment-tool":"cli-firebase","firebase-functions-hash":"7c417f9734f51660fcbe3f4acb28152a06bf2645"},"sourceUploadUrl":"https://storage.googleapis.com/uploads-94671116212.us-central1.cloudfunctions.appspot.com/d19e025f-d913-4a78-8d7b-874b6ea4a61d.zip?GoogleAccessId=service-523937257580@gcf-admin-robot.iam.gserviceaccount.com&Expires=1669856083&Signature=Fij2%2FqQ5YeloTZOgELf9pgo2qtUtpmVF%2BhVbduZZ%2FLl06IAXqP2bq4hHSX%2Bo6zkxYze31akfjFWlBon3CLRqcekcQIKtZZ%2BeyfHbqfweguajp5CqhY1Yof1IQq8aYYDFdHWX6o0OkwYs4aOyhYWDck8vw5Re4IlBLqKluetHrLTl8pIvXRhG2KdupOmioqp9kIxtajrhRyG%2B%2FAMBJ7zIDgb%2Bel0CuAvq6lXpw4nZMiQm6haKX%2B%2FcWHNJusb7JT8Gls8DUi0GhycyjEep%2BNlilGgNS87Wyhe1jmOwDBX%2BXKTgApq0fJ7%2FH6nNmFf1w6SFFGJ9w0fx5nV42MSpf28osg%3D%3D","environmentVariables":{"MONGO":"mongodb+srv://Nyqvuist:omeed101@cluster0.n72pb.mongodb.net/discord-csgo?retryWrites=true&w=majority","FIREBASE_CONFIG":"{\"projectId\":\"gavlans-game-backend\",\"storageBucket\":\"gavlans-game-backend.appspot.com\"}","GCLOUD_PROJECT":"gavlans-game-backend","EVENTARC_CLOUD_EVENT_SOURCE":"projects/gavlans-game-backend/locations/us-central1/functions/app"},"runtime":"nodejs16","buildId":"2fcacd4d-0413-4c44-909e-242609c8efb2","buildName":"projects/523937257580/locations/us-central1/builds/2fcacd4d-0413-4c44-909e-242609c8efb2","dockerRegistry":"ARTIFACT_REGISTRY"},"versionId":"4","updateTime":"2022-12-01T00:24:44Z"}}
[debug] [2022-12-01T00:24:45.604Z] [update-default-us-central1-app] Retrying task index 0
[debug] [2022-12-01T00:24:45.604Z] >>> [apiv2][query] GET https://cloudfunctions.googleapis.com/v1/operations/Z2F2bGFucy1nYW1lLWJhY2tlbmQvdXMtY2VudHJhbDEvYXBwL29KYml1NVh1dUxj [none]
[debug] [2022-12-01T00:24:45.786Z] <<< [apiv2][status] GET https://cloudfunctions.googleapis.com/v1/operations/Z2F2bGFucy1nYW1lLWJhY2tlbmQvdXMtY2VudHJhbDEvYXBwL29KYml1NVh1dUxj 200
[debug] [2022-12-01T00:24:45.786Z] <<< [apiv2][body] GET https://cloudfunctions.googleapis.com/v1/operations/Z2F2bGFucy1nYW1lLWJhY2tlbmQvdXMtY2VudHJhbDEvYXBwL29KYml1NVh1dUxj {"name":"operations/Z2F2bGFucy1nYW1lLWJhY2tlbmQvdXMtY2VudHJhbDEvYXBwL29KYml1NVh1dUxj","metadata":{"@type":"type.googleapis.com/google.cloud.functions.v1.OperationMetadataV1","target":"projects/gavlans-game-backend/locations/us-central1/functions/app","type":"UPDATE_FUNCTION","request":{"@type":"type.googleapis.com/google.cloud.functions.v1.CloudFunction","name":"projects/gavlans-game-backend/locations/us-central1/functions/app","httpsTrigger":{"url":"https://us-central1-gavlans-game-backend.cloudfunctions.net/app","securityLevel":"SECURE_ALWAYS"},"status":"ACTIVE","entryPoint":"app","updateTime":"2022-11-25T19:24:29.232Z","versionId":"3","labels":{"deployment-tool":"cli-firebase","firebase-functions-hash":"7c417f9734f51660fcbe3f4acb28152a06bf2645"},"sourceUploadUrl":"https://storage.googleapis.com/uploads-94671116212.us-central1.cloudfunctions.appspot.com/d19e025f-d913-4a78-8d7b-874b6ea4a61d.zip?GoogleAccessId=service-523937257580@gcf-admin-robot.iam.gserviceaccount.com&Expires=1669856083&Signature=Fij2%2FqQ5YeloTZOgELf9pgo2qtUtpmVF%2BhVbduZZ%2FLl06IAXqP2bq4hHSX%2Bo6zkxYze31akfjFWlBon3CLRqcekcQIKtZZ%2BeyfHbqfweguajp5CqhY1Yof1IQq8aYYDFdHWX6o0OkwYs4aOyhYWDck8vw5Re4IlBLqKluetHrLTl8pIvXRhG2KdupOmioqp9kIxtajrhRyG%2B%2FAMBJ7zIDgb%2Bel0CuAvq6lXpw4nZMiQm6haKX%2B%2FcWHNJusb7JT8Gls8DUi0GhycyjEep%2BNlilGgNS87Wyhe1jmOwDBX%2BXKTgApq0fJ7%2FH6nNmFf1w6SFFGJ9w0fx5nV42MSpf28osg%3D%3D","environmentVariables":{"MONGO":"mongodb+srv://Nyqvuist:omeed101@cluster0.n72pb.mongodb.net/discord-csgo?retryWrites=true&w=majority","FIREBASE_CONFIG":"{\"projectId\":\"gavlans-game-backend\",\"storageBucket\":\"gavlans-game-backend.appspot.com\"}","GCLOUD_PROJECT":"gavlans-game-backend","EVENTARC_CLOUD_EVENT_SOURCE":"projects/gavlans-game-backend/locations/us-central1/functions/app"},"runtime":"nodejs16","buildId":"2fcacd4d-0413-4c44-909e-242609c8efb2","buildName":"projects/523937257580/locations/us-central1/builds/2fcacd4d-0413-4c44-909e-242609c8efb2","dockerRegistry":"ARTIFACT_REGISTRY"},"versionId":"4","updateTime":"2022-12-01T00:24:44Z","buildId":"5a723028-ec56-479f-8f8c-8c6cbaa7e75e","buildName":"projects/523937257580/locations/us-central1/builds/5a723028-ec56-479f-8f8c-8c6cbaa7e75e"}}
[debug] [2022-12-01T00:24:47.789Z] [update-default-us-central1-app] Retrying task index 0
[debug] [2022-12-01T00:24:47.789Z] >>> [apiv2][query] GET https://cloudfunctions.googleapis.com/v1/operations/Z2F2bGFucy1nYW1lLWJhY2tlbmQvdXMtY2VudHJhbDEvYXBwL29KYml1NVh1dUxj [none]
[debug] [2022-12-01T00:24:47.949Z] <<< [apiv2][status] GET https://cloudfunctions.googleapis.com/v1/operations/Z2F2bGFucy1nYW1lLWJhY2tlbmQvdXMtY2VudHJhbDEvYXBwL29KYml1NVh1dUxj 200
[debug] [2022-12-01T00:24:47.949Z] <<< [apiv2][body] GET https://cloudfunctions.googleapis.com/v1/operations/Z2F2bGFucy1nYW1lLWJhY2tlbmQvdXMtY2VudHJhbDEvYXBwL29KYml1NVh1dUxj {"name":"operations/Z2F2bGFucy1nYW1lLWJhY2tlbmQvdXMtY2VudHJhbDEvYXBwL29KYml1NVh1dUxj","metadata":{"@type":"type.googleapis.com/google.cloud.functions.v1.OperationMetadataV1","target":"projects/gavlans-game-backend/locations/us-central1/functions/app","type":"UPDATE_FUNCTION","request":{"@type":"type.googleapis.com/google.cloud.functions.v1.CloudFunction","name":"projects/gavlans-game-backend/locations/us-central1/functions/app","httpsTrigger":{"url":"https://us-central1-gavlans-game-backend.cloudfunctions.net/app","securityLevel":"SECURE_ALWAYS"},"status":"ACTIVE","entryPoint":"app","updateTime":"2022-11-25T19:24:29.232Z","versionId":"3","labels":{"deployment-tool":"cli-firebase","firebase-functions-hash":"7c417f9734f51660fcbe3f4acb28152a06bf2645"},"sourceUploadUrl":"https://storage.googleapis.com/uploads-94671116212.us-central1.cloudfunctions.appspot.com/d19e025f-d913-4a78-8d7b-874b6ea4a61d.zip?GoogleAccessId=service-523937257580@gcf-admin-robot.iam.gserviceaccount.com&Expires=1669856083&Signature=Fij2%2FqQ5YeloTZOgELf9pgo2qtUtpmVF%2BhVbduZZ%2FLl06IAXqP2bq4hHSX%2Bo6zkxYze31akfjFWlBon3CLRqcekcQIKtZZ%2BeyfHbqfweguajp5CqhY1Yof1IQq8aYYDFdHWX6o0OkwYs4aOyhYWDck8vw5Re4IlBLqKluetHrLTl8pIvXRhG2KdupOmioqp9kIxtajrhRyG%2B%2FAMBJ7zIDgb%2Bel0CuAvq6lXpw4nZMiQm6haKX%2B%2FcWHNJusb7JT8Gls8DUi0GhycyjEep%2BNlilGgNS87Wyhe1jmOwDBX%2BXKTgApq0fJ7%2FH6nNmFf1w6SFFGJ9w0fx5nV42MSpf28osg%3D%3D","environmentVariables":{"MONGO":"mongodb+srv://Nyqvuist:omeed101@cluster0.n72pb.mongodb.net/discord-csgo?retryWrites=true&w=majority","FIREBASE_CONFIG":"{\"projectId\":\"gavlans-game-backend\",\"storageBucket\":\"gavlans-game-backend.appspot.com\"}","GCLOUD_PROJECT":"gavlans-game-backend","EVENTARC_CLOUD_EVENT_SOURCE":"projects/gavlans-game-backend/locations/us-central1/functions/app"},"runtime":"nodejs16","buildId":"2fcacd4d-0413-4c44-909e-242609c8efb2","buildName":"projects/523937257580/locations/us-central1/builds/2fcacd4d-0413-4c44-909e-242609c8efb2","dockerRegistry":"ARTIFACT_REGISTRY"},"versionId":"4","updateTime":"2022-12-01T00:24:44Z","buildId":"5a723028-ec56-479f-8f8c-8c6cbaa7e75e","buildName":"projects/523937257580/locations/us-central1/builds/5a723028-ec56-479f-8f8c-8c6cbaa7e75e"}}
[debug] [2022-12-01T00:24:51.954Z] [update-default-us-central1-app] Retrying task index 0
[debug] [2022-12-01T00:24:51.954Z] >>> [apiv2][query] GET https://cloudfunctions.googleapis.com/v1/operations/Z2F2bGFucy1nYW1lLWJhY2tlbmQvdXMtY2VudHJhbDEvYXBwL29KYml1NVh1dUxj [none]
[debug] [2022-12-01T00:24:52.129Z] <<< [apiv2][status] GET https://cloudfunctions.googleapis.com/v1/operations/Z2F2bGFucy1nYW1lLWJhY2tlbmQvdXMtY2VudHJhbDEvYXBwL29KYml1NVh1dUxj 200
[debug] [2022-12-01T00:24:52.129Z] <<< [apiv2][body] GET https://cloudfunctions.googleapis.com/v1/operations/Z2F2bGFucy1nYW1lLWJhY2tlbmQvdXMtY2VudHJhbDEvYXBwL29KYml1NVh1dUxj {"name":"operations/Z2F2bGFucy1nYW1lLWJhY2tlbmQvdXMtY2VudHJhbDEvYXBwL29KYml1NVh1dUxj","metadata":{"@type":"type.googleapis.com/google.cloud.functions.v1.OperationMetadataV1","target":"projects/gavlans-game-backend/locations/us-central1/functions/app","type":"UPDATE_FUNCTION","request":{"@type":"type.googleapis.com/google.cloud.functions.v1.CloudFunction","name":"projects/gavlans-game-backend/locations/us-central1/functions/app","httpsTrigger":{"url":"https://us-central1-gavlans-game-backend.cloudfunctions.net/app","securityLevel":"SECURE_ALWAYS"},"status":"ACTIVE","entryPoint":"app","updateTime":"2022-11-25T19:24:29.232Z","versionId":"3","labels":{"deployment-tool":"cli-firebase","firebase-functions-hash":"7c417f9734f51660fcbe3f4acb28152a06bf2645"},"sourceUploadUrl":"https://storage.googleapis.com/uploads-94671116212.us-central1.cloudfunctions.appspot.com/d19e025f-d913-4a78-8d7b-874b6ea4a61d.zip?GoogleAccessId=service-523937257580@gcf-admin-robot.iam.gserviceaccount.com&Expires=1669856083&Signature=Fij2%2FqQ5YeloTZOgELf9pgo2qtUtpmVF%2BhVbduZZ%2FLl06IAXqP2bq4hHSX%2Bo6zkxYze31akfjFWlBon3CLRqcekcQIKtZZ%2BeyfHbqfweguajp5CqhY1Yof1IQq8aYYDFdHWX6o0OkwYs4aOyhYWDck8vw5Re4IlBLqKluetHrLTl8pIvXRhG2KdupOmioqp9kIxtajrhRyG%2B%2FAMBJ7zIDgb%2Bel0CuAvq6lXpw4nZMiQm6haKX%2B%2FcWHNJusb7JT8Gls8DUi0GhycyjEep%2BNlilGgNS87Wyhe1jmOwDBX%2BXKTgApq0fJ7%2FH6nNmFf1w6SFFGJ9w0fx5nV42MSpf28osg%3D%3D","environmentVariables":{"MONGO":"mongodb+srv://Nyqvuist:omeed101@cluster0.n72pb.mongodb.net/discord-csgo?retryWrites=true&w=majority","FIREBASE_CONFIG":"{\"projectId\":\"gavlans-game-backend\",\"storageBucket\":\"gavlans-game-backend.appspot.com\"}","GCLOUD_PROJECT":"gavlans-game-backend","EVENTARC_CLOUD_EVENT_SOURCE":"projects/gavlans-game-backend/locations/us-central1/functions/app"},"runtime":"nodejs16","buildId":"2fcacd4d-0413-4c44-909e-242609c8efb2","buildName":"projects/523937257580/locations/us-central1/builds/2fcacd4d-0413-4c44-909e-242609c8efb2","dockerRegistry":"ARTIFACT_REGISTRY"},"versionId":"4","updateTime":"2022-12-01T00:24:44Z","buildId":"5a723028-ec56-479f-8f8c-8c6cbaa7e75e","buildName":"projects/523937257580/locations/us-central1/builds/5a723028-ec56-479f-8f8c-8c6cbaa7e75e"}}
[debug] [2022-12-01T00:25:00.129Z] [update-default-us-central1-app] Retrying task index 0
[debug] [2022-12-01T00:25:00.129Z] >>> [apiv2][query] GET https://cloudfunctions.googleapis.com/v1/operations/Z2F2bGFucy1nYW1lLWJhY2tlbmQvdXMtY2VudHJhbDEvYXBwL29KYml1NVh1dUxj [none]
[debug] [2022-12-01T00:25:00.273Z] <<< [apiv2][status] GET https://cloudfunctions.googleapis.com/v1/operations/Z2F2bGFucy1nYW1lLWJhY2tlbmQvdXMtY2VudHJhbDEvYXBwL29KYml1NVh1dUxj 200
[debug] [2022-12-01T00:25:00.274Z] <<< [apiv2][body] GET https://cloudfunctions.googleapis.com/v1/operations/Z2F2bGFucy1nYW1lLWJhY2tlbmQvdXMtY2VudHJhbDEvYXBwL29KYml1NVh1dUxj {"name":"operations/Z2F2bGFucy1nYW1lLWJhY2tlbmQvdXMtY2VudHJhbDEvYXBwL29KYml1NVh1dUxj","metadata":{"@type":"type.googleapis.com/google.cloud.functions.v1.OperationMetadataV1","target":"projects/gavlans-game-backend/locations/us-central1/functions/app","type":"UPDATE_FUNCTION","request":{"@type":"type.googleapis.com/google.cloud.functions.v1.CloudFunction","name":"projects/gavlans-game-backend/locations/us-central1/functions/app","httpsTrigger":{"url":"https://us-central1-gavlans-game-backend.cloudfunctions.net/app","securityLevel":"SECURE_ALWAYS"},"status":"ACTIVE","entryPoint":"app","updateTime":"2022-11-25T19:24:29.232Z","versionId":"3","labels":{"deployment-tool":"cli-firebase","firebase-functions-hash":"7c417f9734f51660fcbe3f4acb28152a06bf2645"},"sourceUploadUrl":"https://storage.googleapis.com/uploads-94671116212.us-central1.cloudfunctions.appspot.com/d19e025f-d913-4a78-8d7b-874b6ea4a61d.zip?GoogleAccessId=service-523937257580@gcf-admin-robot.iam.gserviceaccount.com&Expires=1669856083&Signature=Fij2%2FqQ5YeloTZOgELf9pgo2qtUtpmVF%2BhVbduZZ%2FLl06IAXqP2bq4hHSX%2Bo6zkxYze31akfjFWlBon3CLRqcekcQIKtZZ%2BeyfHbqfweguajp5CqhY1Yof1IQq8aYYDFdHWX6o0OkwYs4aOyhYWDck8vw5Re4IlBLqKluetHrLTl8pIvXRhG2KdupOmioqp9kIxtajrhRyG%2B%2FAMBJ7zIDgb%2Bel0CuAvq6lXpw4nZMiQm6haKX%2B%2FcWHNJusb7JT8Gls8DUi0GhycyjEep%2BNlilGgNS87Wyhe1jmOwDBX%2BXKTgApq0fJ7%2FH6nNmFf1w6SFFGJ9w0fx5nV42MSpf28osg%3D%3D","environmentVariables":{"MONGO":"mongodb+srv://Nyqvuist:omeed101@cluster0.n72pb.mongodb.net/discord-csgo?retryWrites=true&w=majority","FIREBASE_CONFIG":"{\"projectId\":\"gavlans-game-backend\",\"storageBucket\":\"gavlans-game-backend.appspot.com\"}","GCLOUD_PROJECT":"gavlans-game-backend","EVENTARC_CLOUD_EVENT_SOURCE":"projects/gavlans-game-backend/locations/us-central1/functions/app"},"runtime":"nodejs16","buildId":"2fcacd4d-0413-4c44-909e-242609c8efb2","buildName":"projects/523937257580/locations/us-central1/builds/2fcacd4d-0413-4c44-909e-242609c8efb2","dockerRegistry":"ARTIFACT_REGISTRY"},"versionId":"4","updateTime":"2022-12-01T00:24:44Z","buildId":"5a723028-ec56-479f-8f8c-8c6cbaa7e75e","buildName":"projects/523937257580/locations/us-central1/builds/5a723028-ec56-479f-8f8c-8c6cbaa7e75e"}}
